<?xml version="1.0" encoding="UTF-8" ?>
<testsuite failures="0" time="7.561" errors="0" skipped="0" tests="3" name="com.toast.club.service.ClubServiceTest">
  <properties>
    <property name="java.runtime.name" value="Java(TM) SE Runtime Environment"/>
    <property name="sun.boot.library.path" value="C:\Program Files\Java\jdk1.6.0_21\jre\bin"/>
    <property name="java.vm.version" value="17.0-b17"/>
    <property name="java.vm.vendor" value="Sun Microsystems Inc."/>
    <property name="java.vendor.url" value="http://java.sun.com/"/>
    <property name="path.separator" value=";"/>
    <property name="java.vm.name" value="Java HotSpot(TM) 64-Bit Server VM"/>
    <property name="file.encoding.pkg" value="sun.io"/>
    <property name="user.country" value="US"/>
    <property name="sun.java.launcher" value="SUN_STANDARD"/>
    <property name="sun.os.patch.level" value=""/>
    <property name="java.vm.specification.name" value="Java Virtual Machine Specification"/>
    <property name="user.dir" value="C:\work\workspace\toastService"/>
    <property name="java.runtime.version" value="1.6.0_21-b07"/>
    <property name="java.awt.graphicsenv" value="sun.awt.Win32GraphicsEnvironment"/>
    <property name="basedir" value="C:\work\workspace\toastService"/>
    <property name="java.endorsed.dirs" value="C:\Program Files\Java\jdk1.6.0_21\jre\lib\endorsed"/>
    <property name="os.arch" value="amd64"/>
    <property name="surefire.real.class.path" value="C:\work\workspace\toastService\target\surefire\surefirebooter7569286760087337414.jar"/>
    <property name="java.io.tmpdir" value="C:\Users\STHALL~1\AppData\Local\Temp\"/>
    <property name="line.separator" value="
"/>
    <property name="java.vm.specification.vendor" value="Sun Microsystems Inc."/>
    <property name="user.variant" value=""/>
    <property name="os.name" value="Windows 7"/>
    <property name="sun.jnu.encoding" value="Cp1252"/>
    <property name="java.library.path" value="C:\Program Files\Java\jdk1.6.0_21\jre\bin;.;C:\Windows\Sun\Java\bin;C:\Windows\system32;C:\Windows;C:\Windows\system32;C:\Windows;C:\Windows\System32\Wbem;C:\Windows\System32\WindowsPowerShell\v1.0\;C:\Program Files\WIDCOMM\Bluetooth Software\;C:\Program Files\WIDCOMM\Bluetooth Software\syswow64;C:\Program Files (x86)\Microsoft SQL Server\100\Tools\Binn\;C:\Program Files (x86)\Microsoft SQL Server\100\DTS\Binn\;C:\Program Files\MySQL\MySQL Server 5.1\bin;C:\Program Files (x86)\ActivIdentity\ActivClient\;C:\Program Files (x86)\QuickTime\QTSystem\;C:\programs\Git\cmd"/>
    <property name="surefire.test.class.path" value="C:\work\workspace\toastService\target\test-classes;C:\work\workspace\toastService\target\classes;C:\Users\sthalluri\.m2\repository\javax\servlet\servlet-api\2.5\servlet-api-2.5.jar;C:\Users\sthalluri\.m2\repository\org\springframework\spring-beans\3.0.2.RELEASE\spring-beans-3.0.2.RELEASE.jar;C:\Users\sthalluri\.m2\repository\org\springframework\spring-core\3.0.2.RELEASE\spring-core-3.0.2.RELEASE.jar;C:\Users\sthalluri\.m2\repository\commons-logging\commons-logging\1.1.1\commons-logging-1.1.1.jar;C:\Users\sthalluri\.m2\repository\org\springframework\spring-jdbc\3.0.2.RELEASE\spring-jdbc-3.0.2.RELEASE.jar;C:\Users\sthalluri\.m2\repository\org\springframework\spring-tx\3.0.2.RELEASE\spring-tx-3.0.2.RELEASE.jar;C:\Users\sthalluri\.m2\repository\org\springframework\spring-aop\3.0.2.RELEASE\spring-aop-3.0.2.RELEASE.jar;C:\Users\sthalluri\.m2\repository\org\springframework\spring-web\3.0.2.RELEASE\spring-web-3.0.2.RELEASE.jar;C:\Users\sthalluri\.m2\repository\aopalliance\aopalliance\1.0\aopalliance-1.0.jar;C:\Users\sthalluri\.m2\repository\org\springframework\spring-context\3.0.2.RELEASE\spring-context-3.0.2.RELEASE.jar;C:\Users\sthalluri\.m2\repository\org\springframework\spring-webmvc\3.0.2.RELEASE\spring-webmvc-3.0.2.RELEASE.jar;C:\Users\sthalluri\.m2\repository\org\springframework\spring-asm\3.0.2.RELEASE\spring-asm-3.0.2.RELEASE.jar;C:\Users\sthalluri\.m2\repository\org\springframework\spring-context-support\3.0.2.RELEASE\spring-context-support-3.0.2.RELEASE.jar;C:\Users\sthalluri\.m2\repository\org\springframework\spring-expression\3.0.2.RELEASE\spring-expression-3.0.2.RELEASE.jar;C:\Users\sthalluri\.m2\repository\org\springframework\spring-orm\3.0.2.RELEASE\spring-orm-3.0.2.RELEASE.jar;C:\Users\sthalluri\.m2\repository\org\hibernate\hibernate-core\3.6.4.Final\hibernate-core-3.6.4.Final.jar;C:\Users\sthalluri\.m2\repository\antlr\antlr\2.7.6\antlr-2.7.6.jar;C:\Users\sthalluri\.m2\repository\commons-collections\commons-collections\3.1\commons-collections-3.1.jar;C:\Users\sthalluri\.m2\repository\dom4j\dom4j\1.6.1\dom4j-1.6.1.jar;C:\Users\sthalluri\.m2\repository\org\hibernate\hibernate-commons-annotations\3.2.0.Final\hibernate-commons-annotations-3.2.0.Final.jar;C:\Users\sthalluri\.m2\repository\org\hibernate\javax\persistence\hibernate-jpa-2.0-api\1.0.0.Final\hibernate-jpa-2.0-api-1.0.0.Final.jar;C:\Users\sthalluri\.m2\repository\javax\transaction\jta\1.1\jta-1.1.jar;C:\Users\sthalluri\.m2\repository\org\slf4j\slf4j-api\1.6.1\slf4j-api-1.6.1.jar;C:\Users\sthalluri\.m2\repository\org\hibernate\hibernate-entitymanager\3.6.4.Final\hibernate-entitymanager-3.6.4.Final.jar;C:\Users\sthalluri\.m2\repository\cglib\cglib\2.2\cglib-2.2.jar;C:\Users\sthalluri\.m2\repository\asm\asm\3.1\asm-3.1.jar;C:\Users\sthalluri\.m2\repository\javassist\javassist\3.12.0.GA\javassist-3.12.0.GA.jar;C:\Users\sthalluri\.m2\repository\taglibs\standard\1.1.2\standard-1.1.2.jar;C:\Users\sthalluri\.m2\repository\javax\servlet\jstl\1.1.2\jstl-1.1.2.jar;C:\Users\sthalluri\.m2\repository\mysql\mysql-connector-java\5.1.10\mysql-connector-java-5.1.10.jar;C:\Users\sthalluri\.m2\repository\commons-dbcp\commons-dbcp\20030825.184428\commons-dbcp-20030825.184428.jar;C:\Users\sthalluri\.m2\repository\commons-pool\commons-pool\20030825.183949\commons-pool-20030825.183949.jar;C:\Users\sthalluri\.m2\repository\junit\junit\4.0\junit-4.0.jar;C:\Users\sthalluri\.m2\repository\com\thoughtworks\xstream\xstream\1.2.2\xstream-1.2.2.jar;C:\Users\sthalluri\.m2\repository\xpp3\xpp3_min\1.1.3.4.O\xpp3_min-1.1.3.4.O.jar;C:\Users\sthalluri\.m2\repository\stax\stax\1.2.0\stax-1.2.0.jar;C:\Users\sthalluri\.m2\repository\stax\stax-api\1.0.1\stax-api-1.0.1.jar;C:\Users\sthalluri\.m2\repository\org\codehaus\jettison\jettison\1.3\jettison-1.3.jar;C:\Users\sthalluri\.m2\repository\org\json\json\20090211\json-20090211.jar;"/>
    <property name="java.specification.name" value="Java Platform API Specification"/>
    <property name="java.class.version" value="50.0"/>
    <property name="sun.management.compiler" value="HotSpot 64-Bit Server Compiler"/>
    <property name="os.version" value="6.1"/>
    <property name="user.home" value="C:\Users\sthalluri"/>
    <property name="user.timezone" value="America/New_York"/>
    <property name="java.awt.printerjob" value="sun.awt.windows.WPrinterJob"/>
    <property name="java.specification.version" value="1.6"/>
    <property name="file.encoding" value="Cp1252"/>
    <property name="user.name" value="sthalluri"/>
    <property name="java.class.path" value="C:\work\workspace\toastService\target\test-classes;C:\work\workspace\toastService\target\classes;C:\Users\sthalluri\.m2\repository\javax\servlet\servlet-api\2.5\servlet-api-2.5.jar;C:\Users\sthalluri\.m2\repository\org\springframework\spring-beans\3.0.2.RELEASE\spring-beans-3.0.2.RELEASE.jar;C:\Users\sthalluri\.m2\repository\org\springframework\spring-core\3.0.2.RELEASE\spring-core-3.0.2.RELEASE.jar;C:\Users\sthalluri\.m2\repository\commons-logging\commons-logging\1.1.1\commons-logging-1.1.1.jar;C:\Users\sthalluri\.m2\repository\org\springframework\spring-jdbc\3.0.2.RELEASE\spring-jdbc-3.0.2.RELEASE.jar;C:\Users\sthalluri\.m2\repository\org\springframework\spring-tx\3.0.2.RELEASE\spring-tx-3.0.2.RELEASE.jar;C:\Users\sthalluri\.m2\repository\org\springframework\spring-aop\3.0.2.RELEASE\spring-aop-3.0.2.RELEASE.jar;C:\Users\sthalluri\.m2\repository\org\springframework\spring-web\3.0.2.RELEASE\spring-web-3.0.2.RELEASE.jar;C:\Users\sthalluri\.m2\repository\aopalliance\aopalliance\1.0\aopalliance-1.0.jar;C:\Users\sthalluri\.m2\repository\org\springframework\spring-context\3.0.2.RELEASE\spring-context-3.0.2.RELEASE.jar;C:\Users\sthalluri\.m2\repository\org\springframework\spring-webmvc\3.0.2.RELEASE\spring-webmvc-3.0.2.RELEASE.jar;C:\Users\sthalluri\.m2\repository\org\springframework\spring-asm\3.0.2.RELEASE\spring-asm-3.0.2.RELEASE.jar;C:\Users\sthalluri\.m2\repository\org\springframework\spring-context-support\3.0.2.RELEASE\spring-context-support-3.0.2.RELEASE.jar;C:\Users\sthalluri\.m2\repository\org\springframework\spring-expression\3.0.2.RELEASE\spring-expression-3.0.2.RELEASE.jar;C:\Users\sthalluri\.m2\repository\org\springframework\spring-orm\3.0.2.RELEASE\spring-orm-3.0.2.RELEASE.jar;C:\Users\sthalluri\.m2\repository\org\hibernate\hibernate-core\3.6.4.Final\hibernate-core-3.6.4.Final.jar;C:\Users\sthalluri\.m2\repository\antlr\antlr\2.7.6\antlr-2.7.6.jar;C:\Users\sthalluri\.m2\repository\commons-collections\commons-collections\3.1\commons-collections-3.1.jar;C:\Users\sthalluri\.m2\repository\dom4j\dom4j\1.6.1\dom4j-1.6.1.jar;C:\Users\sthalluri\.m2\repository\org\hibernate\hibernate-commons-annotations\3.2.0.Final\hibernate-commons-annotations-3.2.0.Final.jar;C:\Users\sthalluri\.m2\repository\org\hibernate\javax\persistence\hibernate-jpa-2.0-api\1.0.0.Final\hibernate-jpa-2.0-api-1.0.0.Final.jar;C:\Users\sthalluri\.m2\repository\javax\transaction\jta\1.1\jta-1.1.jar;C:\Users\sthalluri\.m2\repository\org\slf4j\slf4j-api\1.6.1\slf4j-api-1.6.1.jar;C:\Users\sthalluri\.m2\repository\org\hibernate\hibernate-entitymanager\3.6.4.Final\hibernate-entitymanager-3.6.4.Final.jar;C:\Users\sthalluri\.m2\repository\cglib\cglib\2.2\cglib-2.2.jar;C:\Users\sthalluri\.m2\repository\asm\asm\3.1\asm-3.1.jar;C:\Users\sthalluri\.m2\repository\javassist\javassist\3.12.0.GA\javassist-3.12.0.GA.jar;C:\Users\sthalluri\.m2\repository\taglibs\standard\1.1.2\standard-1.1.2.jar;C:\Users\sthalluri\.m2\repository\javax\servlet\jstl\1.1.2\jstl-1.1.2.jar;C:\Users\sthalluri\.m2\repository\mysql\mysql-connector-java\5.1.10\mysql-connector-java-5.1.10.jar;C:\Users\sthalluri\.m2\repository\commons-dbcp\commons-dbcp\20030825.184428\commons-dbcp-20030825.184428.jar;C:\Users\sthalluri\.m2\repository\commons-pool\commons-pool\20030825.183949\commons-pool-20030825.183949.jar;C:\Users\sthalluri\.m2\repository\junit\junit\4.0\junit-4.0.jar;C:\Users\sthalluri\.m2\repository\com\thoughtworks\xstream\xstream\1.2.2\xstream-1.2.2.jar;C:\Users\sthalluri\.m2\repository\xpp3\xpp3_min\1.1.3.4.O\xpp3_min-1.1.3.4.O.jar;C:\Users\sthalluri\.m2\repository\stax\stax\1.2.0\stax-1.2.0.jar;C:\Users\sthalluri\.m2\repository\stax\stax-api\1.0.1\stax-api-1.0.1.jar;C:\Users\sthalluri\.m2\repository\org\codehaus\jettison\jettison\1.3\jettison-1.3.jar;C:\Users\sthalluri\.m2\repository\org\json\json\20090211\json-20090211.jar;"/>
    <property name="java.vm.specification.version" value="1.0"/>
    <property name="sun.arch.data.model" value="64"/>
    <property name="java.home" value="C:\Program Files\Java\jdk1.6.0_21\jre"/>
    <property name="java.specification.vendor" value="Sun Microsystems Inc."/>
    <property name="user.language" value="en"/>
    <property name="awt.toolkit" value="sun.awt.windows.WToolkit"/>
    <property name="java.vm.info" value="mixed mode"/>
    <property name="java.version" value="1.6.0_21"/>
    <property name="java.ext.dirs" value="C:\Program Files\Java\jdk1.6.0_21\jre\lib\ext;C:\Windows\Sun\Java\lib\ext"/>
    <property name="sun.boot.class.path" value="C:\Program Files\Java\jdk1.6.0_21\jre\lib\resources.jar;C:\Program Files\Java\jdk1.6.0_21\jre\lib\rt.jar;C:\Program Files\Java\jdk1.6.0_21\jre\lib\sunrsasign.jar;C:\Program Files\Java\jdk1.6.0_21\jre\lib\jsse.jar;C:\Program Files\Java\jdk1.6.0_21\jre\lib\jce.jar;C:\Program Files\Java\jdk1.6.0_21\jre\lib\charsets.jar;C:\Program Files\Java\jdk1.6.0_21\jre\classes"/>
    <property name="java.vendor" value="Sun Microsystems Inc."/>
    <property name="localRepository" value="C:\Users\sthalluri\.m2\repository"/>
    <property name="file.separator" value="\"/>
    <property name="java.vendor.url.bug" value="http://java.sun.com/cgi-bin/bugreport.cgi"/>
    <property name="sun.cpu.endian" value="little"/>
    <property name="sun.io.unicode.encoding" value="UnicodeLittle"/>
    <property name="sun.desktop" value="windows"/>
    <property name="sun.cpu.isalist" value="amd64"/>
  </properties>
  <testcase time="5.891" classname="com.toast.club.service.ClubServiceTest" name="testGet"/>
  <testcase time="0.789" classname="com.toast.club.service.ClubServiceTest" name="testAdd"/>
  <testcase time="0.775" classname="com.toast.club.service.ClubServiceTest" name="testSave"/>
</testsuite>